<?xml version="1.0" encoding="UTF-8"?>
<!-- Generated by org.testng.reporters.JUnitXMLReporter -->
<testsuite hostname="Musas-MacBook-Pro.local" ignored="1" name="Page Test" tests="1" failures="0" timestamp="13 Oct 2017 00:37:13 GMT" time="0.081" errors="0">
  <testcase name="@BeforeClass setUp" time="0.058" classname="faceBookPages.TestPage">
    <failure type="java.lang.ArrayIndexOutOfBoundsException" message="0">
      <![CDATA[java.lang.ArrayIndexOutOfBoundsException: 0
... Removed 23 stack frames]]>
    </failure>
  </testcase> <!-- @BeforeClass setUp -->
  <testcase name="test1" time="0.0" classname="faceBookPages.TestPage">
    <skipped/>
  </testcase> <!-- test1 -->
  <testcase name="test2" time="0.0" classname="faceBookPages.TestPage">
    <ignored/>
  </testcase> <!-- test2 -->
</testsuite> <!-- Page Test -->
